<?xml version="1.0" encoding="UTF-8"?>
<!-- Generated by org.testng.reporters.JUnitXMLReporter -->
<testsuite ignored="2" hostname="Sai" failures="0" tests="1" name="Default test" time="15.839" errors="0" timestamp="26 Apr 2023 11:48:21 GMT">
  <testcase classname="testcases.LoginTest" name="test1" time="7.906"/>
  <testcase classname="testcases.LoginTest" name="test2" time="0.0">
    <ignored/>
  </testcase> <!-- test2 -->
  <testcase classname="testcases.LoginTest" name="test4" time="0.0">
    <ignored/>
  </testcase> <!-- test4 -->
</testsuite> <!-- Default test -->
