<?xml version="1.0" encoding="UTF-8"?>
<!-- Generated by org.testng.reporters.JUnitXMLReporter -->
<testsuite ignored="2" hostname="Sai" failures="0" tests="3" name="Test" time="30.78" errors="0" timestamp="22 Apr 2023 07:07:51 GMT">
  <testcase classname="testcases.BaseClass" name="@BeforeMethod SetUp" time="0.031">
    <failure type="java.lang.NullPointerException" message="Cannot invoke &amp;quot;com.relevantcodes.extentreports.ExtentReports.startTest(String)&amp;quot; because &amp;quot;this.report&amp;quot; is null">
      <![CDATA[java.lang.NullPointerException: Cannot invoke "com.relevantcodes.extentreports.ExtentReports.startTest(String)" because "this.report" is null
at testcases.BaseClass.SetUp(BaseClass.java:35)
... Removed 28 stack frames]]>
    </failure>
  </testcase> <!-- @BeforeMethod SetUp -->
  <testcase classname="testcases.BaseClass" name="@AfterMethod TearDown" time="0.0">
    <skipped/>
  </testcase> <!-- @AfterMethod TearDown -->
  <testcase classname="testcases.LoginTest" name="test1" time="9.193"/>
  <testcase classname="testcases.LoginTest" name="test2" time="10.08"/>
  <testcase classname="testcases.HomePageTest" name="test3" time="0.0">
    <skipped/>
  </testcase> <!-- test3 -->
  <testcase classname="testcases.BaseClass" name="@AfterTest ReportClean" time="0.0">
    <ignored/>
  </testcase> <!-- @AfterTest ReportClean -->
  <testcase classname="testcases.BaseClass" name="@BeforeTest ReportSetup" time="0.0">
    <ignored/>
  </testcase> <!-- @BeforeTest ReportSetup -->
</testsuite> <!-- Test -->
