<?xml version="1.0" encoding="UTF-8"?>
<testng-results skipped="0" failed="0" ignored="0" total="1" passed="1">
  <reporter-output>
  </reporter-output>
  <suite name="Suite" duration-ms="6902" started-at="2023-04-30T06:47:35Z" finished-at="2023-04-30T06:47:41Z">
    <groups>
    </groups>
    <test name="Test" duration-ms="6902" started-at="2023-04-30T06:47:35Z" finished-at="2023-04-30T06:47:41Z">
      <class name="testcases.HomePageTest">
        <test-method status="PASS" signature="ReportSetup()[pri:0, instance:testcases.HomePageTest@6591f517]" name="ReportSetup" is-config="true" duration-ms="973" started-at="2023-04-30T06:47:35Z" finished-at="2023-04-30T06:47:36Z">
          <reporter-output>
          </reporter-output>
        </test-method> <!-- ReportSetup -->
        <test-method status="PASS" signature="SetUp(java.lang.reflect.Method)[pri:0, instance:testcases.HomePageTest@6591f517]" name="SetUp" is-config="true" duration-ms="4770" started-at="2023-04-30T06:47:36Z" finished-at="2023-04-30T06:47:40Z">
          <params>
            <param index="0">
              <value>
                <![CDATA[public void testcases.HomePageTest.test3()]]>
              </value>
            </param>
          </params>
          <reporter-output>
          </reporter-output>
        </test-method> <!-- SetUp -->
        <test-method status="PASS" signature="test3()[pri:0, instance:testcases.HomePageTest@6591f517]" name="test3" duration-ms="1" started-at="2023-04-30T06:47:40Z" finished-at="2023-04-30T06:47:40Z">
          <reporter-output>
          </reporter-output>
        </test-method> <!-- test3 -->
        <test-method status="PASS" signature="TearDown()[pri:0, instance:testcases.HomePageTest@6591f517]" name="TearDown" is-config="true" duration-ms="731" started-at="2023-04-30T06:47:40Z" finished-at="2023-04-30T06:47:41Z">
          <reporter-output>
          </reporter-output>
        </test-method> <!-- TearDown -->
        <test-method status="PASS" signature="ReportClean()[pri:0, instance:testcases.HomePageTest@6591f517]" name="ReportClean" is-config="true" duration-ms="403" started-at="2023-04-30T06:47:41Z" finished-at="2023-04-30T06:47:41Z">
          <reporter-output>
          </reporter-output>
        </test-method> <!-- ReportClean -->
      </class> <!-- testcases.HomePageTest -->
    </test> <!-- Test -->
  </suite> <!-- Suite -->
</testng-results>
