<?xml version="1.0" encoding="UTF-8"?>
<testng-results skipped="0" failed="0" ignored="0" total="3" passed="3">
  <reporter-output>
  </reporter-output>
  <suite name="Suite" duration-ms="61730" started-at="2023-04-29T07:07:42Z" finished-at="2023-04-29T07:08:44Z">
    <groups>
    </groups>
    <test name="Test" duration-ms="61730" started-at="2023-04-29T07:07:42Z" finished-at="2023-04-29T07:08:44Z">
      <class name="testcases.LoginTest">
        <test-method status="PASS" signature="ReportSetup()[pri:0, instance:testcases.LoginTest@6591f517]" name="ReportSetup" is-config="true" duration-ms="2250" started-at="2023-04-29T07:07:42Z" finished-at="2023-04-29T07:07:44Z">
          <reporter-output>
          </reporter-output>
        </test-method> <!-- ReportSetup -->
        <test-method status="PASS" signature="SetUp(java.lang.reflect.Method)[pri:0, instance:testcases.LoginTest@6591f517]" name="SetUp" is-config="true" duration-ms="8614" started-at="2023-04-29T07:07:44Z" finished-at="2023-04-29T07:07:53Z">
          <params>
            <param index="0">
              <value>
                <![CDATA[public void testcases.LoginTest.test1()]]>
              </value>
            </param>
          </params>
          <reporter-output>
          </reporter-output>
        </test-method> <!-- SetUp -->
        <test-method status="PASS" signature="test1()[pri:0, instance:testcases.LoginTest@6591f517]" name="test1" duration-ms="13550" started-at="2023-04-29T07:07:53Z" finished-at="2023-04-29T07:08:07Z">
          <reporter-output>
          </reporter-output>
        </test-method> <!-- test1 -->
        <test-method status="PASS" signature="TearDown()[pri:0, instance:testcases.LoginTest@6591f517]" name="TearDown" is-config="true" duration-ms="933" started-at="2023-04-29T07:08:07Z" finished-at="2023-04-29T07:08:07Z">
          <reporter-output>
          </reporter-output>
        </test-method> <!-- TearDown -->
        <test-method status="PASS" signature="SetUp(java.lang.reflect.Method)[pri:0, instance:testcases.LoginTest@6591f517]" name="SetUp" is-config="true" duration-ms="5582" started-at="2023-04-29T07:08:07Z" finished-at="2023-04-29T07:08:13Z">
          <params>
            <param index="0">
              <value>
                <![CDATA[public void testcases.LoginTest.test2()]]>
              </value>
            </param>
          </params>
          <reporter-output>
          </reporter-output>
        </test-method> <!-- SetUp -->
        <test-method status="PASS" signature="test2()[pri:0, instance:testcases.LoginTest@6591f517]" name="test2" duration-ms="12239" started-at="2023-04-29T07:08:13Z" finished-at="2023-04-29T07:08:25Z">
          <reporter-output>
          </reporter-output>
        </test-method> <!-- test2 -->
        <test-method status="PASS" signature="TearDown()[pri:0, instance:testcases.LoginTest@6591f517]" name="TearDown" is-config="true" duration-ms="1061" started-at="2023-04-29T07:08:25Z" finished-at="2023-04-29T07:08:26Z">
          <reporter-output>
          </reporter-output>
        </test-method> <!-- TearDown -->
        <test-method status="PASS" signature="SetUp(java.lang.reflect.Method)[pri:0, instance:testcases.LoginTest@6591f517]" name="SetUp" is-config="true" duration-ms="5679" started-at="2023-04-29T07:08:26Z" finished-at="2023-04-29T07:08:32Z">
          <params>
            <param index="0">
              <value>
                <![CDATA[public void testcases.LoginTest.test4() throws com.codoid.products.exception.FilloException]]>
              </value>
            </param>
          </params>
          <reporter-output>
          </reporter-output>
        </test-method> <!-- SetUp -->
        <test-method status="PASS" signature="test4()[pri:0, instance:testcases.LoginTest@6591f517]" name="test4" duration-ms="10110" started-at="2023-04-29T07:08:32Z" finished-at="2023-04-29T07:08:42Z">
          <reporter-output>
          </reporter-output>
        </test-method> <!-- test4 -->
        <test-method status="PASS" signature="TearDown()[pri:0, instance:testcases.LoginTest@6591f517]" name="TearDown" is-config="true" duration-ms="1010" started-at="2023-04-29T07:08:42Z" finished-at="2023-04-29T07:08:43Z">
          <reporter-output>
          </reporter-output>
        </test-method> <!-- TearDown -->
        <test-method status="PASS" signature="ReportClean()[pri:0, instance:testcases.LoginTest@6591f517]" name="ReportClean" is-config="true" duration-ms="655" started-at="2023-04-29T07:08:43Z" finished-at="2023-04-29T07:08:44Z">
          <reporter-output>
          </reporter-output>
        </test-method> <!-- ReportClean -->
      </class> <!-- testcases.LoginTest -->
    </test> <!-- Test -->
  </suite> <!-- Suite -->
</testng-results>
