<?xml version="1.0" encoding="UTF-8"?>
<testng-results ignored="2" total="3" passed="1" failed="0" skipped="0">
  <reporter-output>
  </reporter-output>
  <suite started-at="2023-04-26T11:48:05Z" name="Default suite" finished-at="2023-04-26T11:48:21Z" duration-ms="15839">
    <groups>
    </groups>
    <test started-at="2023-04-26T11:48:05Z" name="Default test" finished-at="2023-04-26T11:48:21Z" duration-ms="15839">
      <class name="testcases.LoginTest">
        <test-method is-config="true" signature="ReportSetup()[pri:0, instance:testcases.LoginTest@63611043]" started-at="2023-04-26T11:48:05Z" name="ReportSetup" finished-at="2023-04-26T11:48:06Z" duration-ms="991" status="PASS">
          <reporter-output>
          </reporter-output>
        </test-method> <!-- ReportSetup -->
        <test-method is-config="true" signature="SetUp(java.lang.reflect.Method)[pri:0, instance:testcases.LoginTest@63611043]" started-at="2023-04-26T11:48:06Z" name="SetUp" finished-at="2023-04-26T11:48:13Z" duration-ms="6304" status="PASS">
          <params>
            <param index="0">
              <value>
                <![CDATA[public void testcases.LoginTest.test1()]]>
              </value>
            </param>
          </params>
          <reporter-output>
          </reporter-output>
        </test-method> <!-- SetUp -->
        <test-method signature="test1()[pri:0, instance:testcases.LoginTest@63611043]" started-at="2023-04-26T11:48:13Z" name="test1" finished-at="2023-04-26T11:48:21Z" duration-ms="7906" status="PASS">
          <reporter-output>
          </reporter-output>
        </test-method> <!-- test1 -->
        <test-method is-config="true" signature="TearDown()[pri:0, instance:testcases.LoginTest@63611043]" started-at="2023-04-26T11:48:21Z" name="TearDown" finished-at="2023-04-26T11:48:21Z" duration-ms="225" status="PASS">
          <reporter-output>
          </reporter-output>
        </test-method> <!-- TearDown -->
        <test-method is-config="true" signature="ReportClean()[pri:0, instance:testcases.LoginTest@63611043]" started-at="2023-04-26T11:48:21Z" name="ReportClean" finished-at="2023-04-26T11:48:21Z" duration-ms="385" status="PASS">
          <reporter-output>
          </reporter-output>
        </test-method> <!-- ReportClean -->
      </class> <!-- testcases.LoginTest -->
    </test> <!-- Default test -->
  </suite> <!-- Default suite -->
</testng-results>
